 

 
       1   1   1   1   0   1      2    32    41    11   244   256   323   288
       2   1   1   1   0   1     32    33    42    41   256   257   341   323
       3   1   1   1   0   1     33    34    43    42   257   258   359   341
       4   1   1   1   0   1     34    35    44    43   258   259   377   359
       5   1   1   1   0   1     35    36    45    44   259   260   395   377
       6   1   1   1   0   1     36    37    46    45   260   261   413   395
       7   1   1   1   0   1     37    38    47    46   261   262   431   413
       8   1   1   1   0   1     38    39    48    47   262   263   449   431
       9   1   1   1   0   1     39    40    49    48   263   264   467   449
      10   1   1   1   0   1     40    22    23    49   264   245   314   467
      11   1   1   1   0   1     11    41    50    10   288   323   325   290
      12   1   1   1   0   1     41    42    51    50   323   341   343   325
      13   1   1   1   0   1     42    43    52    51   341   359   361   343
      14   1   1   1   0   1     43    44    53    52   359   377   379   361
      15   1   1   1   0   1     44    45    54    53   377   395   397   379
      16   1   1   1   0   1     45    46    55    54   395   413   415   397
      17   1   1   1   0   1     46    47    56    55   413   431   433   415
      18   1   1   1   0   1     47    48    57    56   431   449   451   433
      19   1   1   1   0   1     48    49    58    57   449   467   469   451
      20   1   1   1   0   1     49    23    24    58   467   314   315   469
 

 
      21   1   1   1   0   1     10    50    59     9   290   325   327   292
      22   1   1   1   0   1     50    51    60    59   325   343   345   327
      23   1   1   1   0   1     51    52    61    60   343   361   363   345
      24   1   1   1   0   1     52    53    62    61   361   379   381   363
      25   1   1   1   0   1     53    54    63    62   379   397   399   381
      26   1   1   1   0   1     54    55    64    63   397   415   417   399
      27   1   1   1   0   1     55    56    65    64   415   433   435   417
      28   1   1   1   0   1     56    57    66    65   433   451   453   435
      29   1   1   1   0   1     57    58    67    66   451   469   471   453
      30   1   1   1   0   1     58    24    25    67   469   315   316   471
      31   1   1   1   0   1      9    59    68     8   292   327   329   294
      32   1   1   1   0   1     59    60    69    68   327   345   347   329
      33   1   1   1   0   1     60    61    70    69   345   363   365   347
      34   1   1   1   0   1     61    62    71    70   363   381   383   365
      35   1   1   1   0   1     62    63    72    71   381   399   401   383
      36   1   1   1   0   1     63    64    73    72   399   417   419   401
      37   1   1   1   0   1     64    65    74    73   417   435   437   419
      38   1   1   1   0   1     65    66    75    74   435   453   455   437
      39   1   1   1   0   1     66    67    76    75   453   471   473   455
      40   1   1   1   0   1     67    25    26    76   471   316   317   473
 

 
      41   1   1   1   0   1      8    68    77     7   294   329   331   296
      42   1   1   1   0   1     68    69    78    77   329   347   349   331
      43   1   1   1   0   1     69    70    79    78   347   365   367   349
      44   1   1   1   0   1     70    71    80    79   365   383   385   367
      45   1   1   1   0   1     71    72    81    80   383   401   403   385
      46   1   1   1   0   1     72    73    82    81   401   419   421   403
      47   1   1   1   0   1     73    74    83    82   419   437   439   421
      48   1   1   1   0   1     74    75    84    83   437   455   457   439
      49   1   1   1   0   1     75    76    85    84   455   473   475   457
      50   1   1   1   0   1     76    26    27    85   473   317   318   475
      51   1   1   1   0   1      7    77    86     6   296   331   333   298
      52   1   1   1   0   1     77    78    87    86   331   349   351   333
      53   1   1   1   0   1     78    79    88    87   349   367   369   351
      54   1   1   1   0   1     79    80    89    88   367   385   387   369
      55   1   1   1   0   1     80    81    90    89   385   403   405   387
      56   1   1   1   0   1     81    82    91    90   403   421   423   405
      57   1   1   1   0   1     82    83    92    91   421   439   441   423
      58   1   1   1   0   1     83    84    93    92   439   457   459   441
      59   1   1   1   0   1     84    85    94    93   457   475   477   459
      60   1   1   1   0   1     85    27    28    94   475   318   319   477
 

 
      61   1   1   1   0   1      6    86    95     5   298   333   335   300
      62   1   1   1   0   1     86    87    96    95   333   351   353   335
      63   1   1   1   0   1     87    88    97    96   351   369   371   353
      64   1   1   1   0   1     88    89    98    97   369   387   389   371
      65   1   1   1   0   1     89    90    99    98   387   405   407   389
      66   1   1   1   0   1     90    91   100    99   405   423   425   407
      67   1   1   1   0   1     91    92   101   100   423   441   443   425
      68   1   1   1   0   1     92    93   102   101   441   459   461   443
      69   1   1   1   0   1     93    94   103   102   459   477   479   461
      70   1   1   1   0   1     94    28    29   103   477   319   320   479
      71   1   1   1   0   1      5    95   104     4   300   335   337   302
      72   1   1   1   0   1     95    96   105   104   335   353   355   337
      73   1   1   1   0   1     96    97   106   105   353   371   373   355
      74   1   1   1   0   1     97    98   107   106   371   389   391   373
      75   1   1   1   0   1     98    99   108   107   389   407   409   391
      76   1   1   1   0   1     99   100   109   108   407   425   427   409
      77   1   1   1   0   1    100   101   110   109   425   443   445   427
      78   1   1   1   0   1    101   102   111   110   443   461   463   445
      79   1   1   1   0   1    102   103   112   111   461   479   481   463
      80   1   1   1   0   1    103    29    30   112   479   320   321   481
 

 
      81   1   1   1   0   1      4   104   113     3   302   337   339   304
      82   1   1   1   0   1    104   105   114   113   337   355   357   339
      83   1   1   1   0   1    105   106   115   114   355   373   375   357
      84   1   1   1   0   1    106   107   116   115   373   391   393   375
      85   1   1   1   0   1    107   108   117   116   391   409   411   393
      86   1   1   1   0   1    108   109   118   117   409   427   429   411
      87   1   1   1   0   1    109   110   119   118   427   445   447   429
      88   1   1   1   0   1    110   111   120   119   445   463   465   447
      89   1   1   1   0   1    111   112   121   120   463   481   483   465
      90   1   1   1   0   1    112    30    31   121   481   321   322   483
      91   1   1   1   0   1      3   113    21     1   304   339   270   268
      92   1   1   1   0   1    113   114    20    21   339   357   272   270
      93   1   1   1   0   1    114   115    19    20   357   375   274   272
      94   1   1   1   0   1    115   116    18    19   375   393   276   274
      95   1   1   1   0   1    116   117    17    18   393   411   278   276
      96   1   1   1   0   1    117   118    16    17   411   429   280   278
      97   1   1   1   0   1    118   119    15    16   429   447   282   280
      98   1   1   1   0   1    119   120    14    15   447   465   284   282
      99   1   1   1   0   1    120   121    13    14   465   483   286   284
     100   1   1   1   0   1    121    31    12    13   483   322   265   286
 

 
     101   1   1   1   0   1    244   256   323   288   243   247   324   287
     102   1   1   1   0   1    256   257   341   323   247   248   342   324
     103   1   1   1   0   1    257   258   359   341   248   249   360   342
     104   1   1   1   0   1    258   259   377   359   249   250   378   360
     105   1   1   1   0   1    259   260   395   377   250   251   396   378
     106   1   1   1   0   1    260   261   413   395   251   252   414   396
     107   1   1   1   0   1    261   262   431   413   252   253   432   414
     108   1   1   1   0   1    262   263   449   431   253   254   450   432
     109   1   1   1   0   1    263   264   467   449   254   255   468   450
     110   1   1   1   0   1    264   245   314   467   255   246   305   468
     111   1   1   1   0   1    288   323   325   290   287   324   326   289
     112   1   1   1   0   1    323   341   343   325   324   342   344   326
     113   1   1   1   0   1    341   359   361   343   342   360   362   344
     114   1   1   1   0   1    359   377   379   361   360   378   380   362
     115   1   1   1   0   1    377   395   397   379   378   396   398   380
     116   1   1   1   0   1    395   413   415   397   396   414   416   398
     117   1   1   1   0   1    413   431   433   415   414   432   434   416
     118   1   1   1   0   1    431   449   451   433   432   450   452   434
     119   1   1   1   0   1    449   467   469   451   450   468   470   452
     120   1   1   1   0   1    467   314   315   469   468   305   306   470
 

 
     121   1   1   1   0   1    290   325   327   292   289   326   328   291
     122   1   1   1   0   1    325   343   345   327   326   344   346   328
     123   1   1   1   0   1    343   361   363   345   344   362   364   346
     124   1   1   1   0   1    361   379   381   363   362   380   382   364
     125   1   1   1   0   1    379   397   399   381   380   398   400   382
     126   1   1   1   0   1    397   415   417   399   398   416   418   400
     127   1   1   1   0   1    415   433   435   417   416   434   436   418
     128   1   1   1   0   1    433   451   453   435   434   452   454   436
     129   1   1   1   0   1    451   469   471   453   452   470   472   454
     130   1   1   1   0   1    469   315   316   471   470   306   307   472
     131   1   1   1   0   1    292   327   329   294   291   328   330   293
     132   1   1   1   0   1    327   345   347   329   328   346   348   330
     133   1   1   1   0   1    345   363   365   347   346   364   366   348
     134   1   1   1   0   1    363   381   383   365   364   382   384   366
     135   1   1   1   0   1    381   399   401   383   382   400   402   384
     136   1   1   1   0   1    399   417   419   401   400   418   420   402
     137   1   1   1   0   1    417   435   437   419   418   436   438   420
     138   1   1   1   0   1    435   453   455   437   436   454   456   438
     139   1   1   1   0   1    453   471   473   455   454   472   474   456
     140   1   1   1   0   1    471   316   317   473   472   307   308   474
 

 
     141   1   1   1   0   1    294   329   331   296   293   330   332   295
     142   1   1   1   0   1    329   347   349   331   330   348   350   332
     143   1   1   1   0   1    347   365   367   349   348   366   368   350
     144   1   1   1   0   1    365   383   385   367   366   384   386   368
     145   1   1   1   0   1    383   401   403   385   384   402   404   386
     146   1   1   1   0   1    401   419   421   403   402   420   422   404
     147   1   1   1   0   1    419   437   439   421   420   438   440   422
     148   1   1   1   0   1    437   455   457   439   438   456   458   440
     149   1   1   1   0   1    455   473   475   457   456   474   476   458
     150   1   1   1   0   1    473   317   318   475   474   308   309   476
     151   1   1   1   0   1    296   331   333   298   295   332   334   297
     152   1   1   1   0   1    331   349   351   333   332   350   352   334
     153   1   1   1   0   1    349   367   369   351   350   368   370   352
     154   1   1   1   0   1    367   385   387   369   368   386   388   370
     155   1   1   1   0   1    385   403   405   387   386   404   406   388
     156   1   1   1   0   1    403   421   423   405   404   422   424   406
     157   1   1   1   0   1    421   439   441   423   422   440   442   424
     158   1   1   1   0   1    439   457   459   441   440   458   460   442
     159   1   1   1   0   1    457   475   477   459   458   476   478   460
     160   1   1   1   0   1    475   318   319   477   476   309   310   478
 

 
     161   1   1   1   0   1    298   333   335   300   297   334   336   299
     162   1   1   1   0   1    333   351   353   335   334   352   354   336
     163   1   1   1   0   1    351   369   371   353   352   370   372   354
     164   1   1   1   0   1    369   387   389   371   370   388   390   372
     165   1   1   1   0   1    387   405   407   389   388   406   408   390
     166   1   1   1   0   1    405   423   425   407   406   424   426   408
     167   1   1   1   0   1    423   441   443   425   424   442   444   426
     168   1   1   1   0   1    441   459   461   443   442   460   462   444
     169   1   1   1   0   1    459   477   479   461   460   478   480   462
     170   1   1   1   0   1    477   319   320   479   478   310   311   480
     171   1   1   1   0   1    300   335   337   302   299   336   338   301
     172   1   1   1   0   1    335   353   355   337   336   354   356   338
     173   1   1   1   0   1    353   371   373   355   354   372   374   356
     174   1   1   1   0   1    371   389   391   373   372   390   392   374
     175   1   1   1   0   1    389   407   409   391   390   408   410   392
     176   1   1   1   0   1    407   425   427   409   408   426   428   410
     177   1   1   1   0   1    425   443   445   427   426   444   446   428
     178   1   1   1   0   1    443   461   463   445   444   462   464   446
     179   1   1   1   0   1    461   479   481   463   462   480   482   464
     180   1   1   1   0   1    479   320   321   481   480   311   312   482
 

 
     181   1   1   1   0   1    302   337   339   304   301   338   340   303
     182   1   1   1   0   1    337   355   357   339   338   356   358   340
     183   1   1   1   0   1    355   373   375   357   356   374   376   358
     184   1   1   1   0   1    373   391   393   375   374   392   394   376
     185   1   1   1   0   1    391   409   411   393   392   410   412   394
     186   1   1   1   0   1    409   427   429   411   410   428   430   412
     187   1   1   1   0   1    427   445   447   429   428   446   448   430
     188   1   1   1   0   1    445   463   465   447   446   464   466   448
     189   1   1   1   0   1    463   481   483   465   464   482   484   466
     190   1   1   1   0   1    481   321   322   483   482   312   313   484
     191   1   1   1   0   1    304   339   270   268   303   340   269   267
     192   1   1   1   0   1    339   357   272   270   340   358   271   269
     193   1   1   1   0   1    357   375   274   272   358   376   273   271
     194   1   1   1   0   1    375   393   276   274   376   394   275   273
     195   1   1   1   0   1    393   411   278   276   394   412   277   275
     196   1   1   1   0   1    411   429   280   278   412   430   279   277
     197   1   1   1   0   1    429   447   282   280   430   448   281   279
     198   1   1   1   0   1    447   465   284   282   448   466   283   281
     199   1   1   1   0   1    465   483   286   284   466   484   285   283
     200   1   1   1   0   1    483   322   265   286   484   313   266   285
 

 
     201   1   1   1   0   1    243   247   324   287   122   124   162   161
     202   1   1   1   0   1    247   248   342   324   124   125   171   162
     203   1   1   1   0   1    248   249   360   342   125   126   180   171
     204   1   1   1   0   1    249   250   378   360   126   127   189   180
     205   1   1   1   0   1    250   251   396   378   127   128   198   189
     206   1   1   1   0   1    251   252   414   396   128   129   207   198
     207   1   1   1   0   1    252   253   432   414   129   130   216   207
     208   1   1   1   0   1    253   254   450   432   130   131   225   216
     209   1   1   1   0   1    254   255   468   450   131   132   234   225
     210   1   1   1   0   1    255   246   305   468   132   123   134   234
     211   1   1   1   0   1    287   324   326   289   161   162   163   160
     212   1   1   1   0   1    324   342   344   326   162   171   172   163
     213   1   1   1   0   1    342   360   362   344   171   180   181   172
     214   1   1   1   0   1    360   378   380   362   180   189   190   181
     215   1   1   1   0   1    378   396   398   380   189   198   199   190
     216   1   1   1   0   1    396   414   416   398   198   207   208   199
     217   1   1   1   0   1    414   432   434   416   207   216   217   208
     218   1   1   1   0   1    432   450   452   434   216   225   226   217
     219   1   1   1   0   1    450   468   470   452   225   234   235   226
     220   1   1   1   0   1    468   305   306   470   234   134   135   235
 

 
     221   1   1   1   0   1    289   326   328   291   160   163   164   159
     222   1   1   1   0   1    326   344   346   328   163   172   173   164
     223   1   1   1   0   1    344   362   364   346   172   181   182   173
     224   1   1   1   0   1    362   380   382   364   181   190   191   182
     225   1   1   1   0   1    380   398   400   382   190   199   200   191
     226   1   1   1   0   1    398   416   418   400   199   208   209   200
     227   1   1   1   0   1    416   434   436   418   208   217   218   209
     228   1   1   1   0   1    434   452   454   436   217   226   227   218
     229   1   1   1   0   1    452   470   472   454   226   235   236   227
     230   1   1   1   0   1    470   306   307   472   235   135   136   236
     231   1   1   1   0   1    291   328   330   293   159   164   165   158
     232   1   1   1   0   1    328   346   348   330   164   173   174   165
     233   1   1   1   0   1    346   364   366   348   173   182   183   174
     234   1   1   1   0   1    364   382   384   366   182   191   192   183
     235   1   1   1   0   1    382   400   402   384   191   200   201   192
     236   1   1   1   0   1    400   418   420   402   200   209   210   201
     237   1   1   1   0   1    418   436   438   420   209   218   219   210
     238   1   1   1   0   1    436   454   456   438   218   227   228   219
     239   1   1   1   0   1    454   472   474   456   227   236   237   228
     240   1   1   1   0   1    472   307   308   474   236   136   137   237
 

 
     241   1   1   1   0   1    293   330   332   295   158   165   166   157
     242   1   1   1   0   1    330   348   350   332   165   174   175   166
     243   1   1   1   0   1    348   366   368   350   174   183   184   175
     244   1   1   1   0   1    366   384   386   368   183   192   193   184
     245   1   1   1   0   1    384   402   404   386   192   201   202   193
     246   1   1   1   0   1    402   420   422   404   201   210   211   202
     247   1   1   1   0   1    420   438   440   422   210   219   220   211
     248   1   1   1   0   1    438   456   458   440   219   228   229   220
     249   1   1   1   0   1    456   474   476   458   228   237   238   229
     250   1   1   1   0   1    474   308   309   476   237   137   138   238
     251   1   1   1   0   1    295   332   334   297   157   166   167   156
     252   1   1   1   0   1    332   350   352   334   166   175   176   167
     253   1   1   1   0   1    350   368   370   352   175   184   185   176
     254   1   1   1   0   1    368   386   388   370   184   193   194   185
     255   1   1   1   0   1    386   404   406   388   193   202   203   194
     256   1   1   1   0   1    404   422   424   406   202   211   212   203
     257   1   1   1   0   1    422   440   442   424   211   220   221   212
     258   1   1   1   0   1    440   458   460   442   220   229   230   221
     259   1   1   1   0   1    458   476   478   460   229   238   239   230
     260   1   1   1   0   1    476   309   310   478   238   138   139   239
 

 
     261   1   1   1   0   1    297   334   336   299   156   167   168   155
     262   1   1   1   0   1    334   352   354   336   167   176   177   168
     263   1   1   1   0   1    352   370   372   354   176   185   186   177
     264   1   1   1   0   1    370   388   390   372   185   194   195   186
     265   1   1   1   0   1    388   406   408   390   194   203   204   195
     266   1   1   1   0   1    406   424   426   408   203   212   213   204
     267   1   1   1   0   1    424   442   444   426   212   221   222   213
     268   1   1   1   0   1    442   460   462   444   221   230   231   222
     269   1   1   1   0   1    460   478   480   462   230   239   240   231
     270   1   1   1   0   1    478   310   311   480   239   139   140   240
     271   1   1   1   0   1    299   336   338   301   155   168   169   154
     272   1   1   1   0   1    336   354   356   338   168   177   178   169
     273   1   1   1   0   1    354   372   374   356   177   186   187   178
     274   1   1   1   0   1    372   390   392   374   186   195   196   187
     275   1   1   1   0   1    390   408   410   392   195   204   205   196
     276   1   1   1   0   1    408   426   428   410   204   213   214   205
     277   1   1   1   0   1    426   444   446   428   213   222   223   214
     278   1   1   1   0   1    444   462   464   446   222   231   232   223
     279   1   1   1   0   1    462   480   482   464   231   240   241   232
     280   1   1   1   0   1    480   311   312   482   240   140   141   241
 

 
     281   1   1   1   0   1    301   338   340   303   154   169   170   153
     282   1   1   1   0   1    338   356   358   340   169   178   179   170
     283   1   1   1   0   1    356   374   376   358   178   187   188   179
     284   1   1   1   0   1    374   392   394   376   187   196   197   188
     285   1   1   1   0   1    392   410   412   394   196   205   206   197
     286   1   1   1   0   1    410   428   430   412   205   214   215   206
     287   1   1   1   0   1    428   446   448   430   214   223   224   215
     288   1   1   1   0   1    446   464   466   448   223   232   233   224
     289   1   1   1   0   1    464   482   484   466   232   241   242   233
     290   1   1   1   0   1    482   312   313   484   241   141   142   242
     291   1   1   1   0   1    303   340   269   267   153   170   152   143
     292   1   1   1   0   1    340   358   271   269   170   179   151   152
     293   1   1   1   0   1    358   376   273   271   179   188   150   151
     294   1   1   1   0   1    376   394   275   273   188   197   149   150
     295   1   1   1   0   1    394   412   277   275   197   206   148   149
     296   1   1   1   0   1    412   430   279   277   206   215   147   148
     297   1   1   1   0   1    430   448   281   279   215   224   146   147
     298   1   1   1   0   1    448   466   283   281   224   233   145   146
     299   1   1   1   0   1    466   484   285   283   233   242   144   145
     300   1   1   1   0   1    484   313   266   285   242   142   133   144

