
 

 
       1   2   1   1   0   1      1     3    25    24
       2   2   1   1   0   1      3     4    26    25
       3   2   1   1   0   1      4     5    27    26
       4   2   1   1   0   1      5     6    28    27
       5   2   1   1   0   1      6     7    29    28
       6   2   1   1   0   1      7     8    30    29
       7   2   1   1   0   1      8     9    31    30
       8   2   1   1   0   1      9    10    32    31
       9   2   1   1   0   1     10    11    33    32
      10   2   1   1   0   1     11     2    13    33
      11   2   1   1   0   1     24    25    23    14
      12   2   1   1   0   1     25    26    22    23
      13   2   1   1   0   1     26    27    21    22
      14   2   1   1   0   1     27    28    20    21
      15   2   1   1   0   1     28    29    19    20
      16   2   1   1   0   1     29    30    18    19
      17   2   1   1   0   1     30    31    17    18
      18   2   1   1   0   1     31    32    16    17
      19   2   1   1   0   1     32    33    15    16
      20   2   1   1   0   1     33    13    12    15
 

 
      21   2   1   1   0   1     14    23    51    50
      22   2   1   1   0   1     23    22    35    51
      23   2   1   1   0   1     50    51    52    49
      24   2   1   1   0   1     51    35    36    52
      25   2   1   1   0   1     49    52    53    48
      26   2   1   1   0   1     52    36    37    53
      27   2   1   1   0   1     48    53    54    47
      28   2   1   1   0   1     53    37    38    54
      29   2   1   1   0   1     47    54    55    46
      30   2   1   1   0   1     54    38    39    55
      31   2   1   1   0   1     46    55    56    45
      32   2   1   1   0   1     55    39    40    56
      33   2   1   1   0   1     45    56    57    44
      34   2   1   1   0   1     56    40    41    57
      35   2   1   1   0   1     44    57    43    42
      36   2   1   1   0   1     57    41    34    43
      37   2   1   1   0   1     40    59    75    41
      38   2   1   1   0   1     59    60    76    75
      39   2   1   1   0   1     60    61    77    76
      40   2   1   1   0   1     61    62    78    77
 

 
      41   2   1   1   0   1     62    63    79    78
      42   2   1   1   0   1     63    64    80    79
      43   2   1   1   0   1     64    65    81    80
      44   2   1   1   0   1     65    58    67    81
      45   2   1   1   0   1     41    75    74    34
      46   2   1   1   0   1     75    76    73    74
      47   2   1   1   0   1     76    77    72    73
      48   2   1   1   0   1     77    78    71    72
      49   2   1   1   0   1     78    79    70    71
      50   2   1   1   0   1     79    80    69    70
      51   2   1   1   0   1     80    81    68    69
      52   2   1   1   0   1     81    67    66    68
      53   2   1   1   0   1     16    15    92    91
      54   2   1   1   0   1     15    12    82    92
      55   2   1   1   0   1     91    92    93    90
      56   2   1   1   0   1     92    82    83    93
      57   2   1   1   0   1     90    93    94    89
      58   2   1   1   0   1     93    83    84    94
      59   2   1   1   0   1     89    94    95    88
      60   2   1   1   0   1     94    84    85    95
 

 
      61   2   1   1   0   1     88    95    96    87
      62   2   1   1   0   1     95    85    86    96
      63   2   1   1   0   1     87    96    65    64
      64   2   1   1   0   1     96    86    58    65
      65   1   1   1   0   1     22    21    97    35
      66   1   1   1   0   1     21    20   102    97
      67   1   1   1   0   1     20    19   107   102
      68   1   1   1   0   1     19    18   112   107
      69   1   1   1   0   1     18    17   117   112
      70   1   1   1   0   1     17    16    91   117
      71   1   1   1   0   1     35    97    98    36
      72   1   1   1   0   1     97   102   103    98
      73   1   1   1   0   1    102   107   108   103
      74   1   1   1   0   1    107   112   113   108
      75   1   1   1   0   1    112   117   118   113
      76   1   1   1   0   1    117    91    90   118
      77   1   1   1   0   1     36    98    99    37
      78   1   1   1   0   1     98   103   104    99
      79   1   1   1   0   1    103   108   109   104
      80   1   1   1   0   1    108   113   114   109
 

 
      81   1   1   1   0   1    113   118   119   114
      82   1   1   1   0   1    118    90    89   119
      83   1   1   1   0   1     37    99   100    38
      84   1   1   1   0   1     99   104   105   100
      85   1   1   1   0   1    104   109   110   105
      86   1   1   1   0   1    109   114   115   110
      87   1   1   1   0   1    114   119   120   115
      88   1   1   1   0   1    119    89    88   120
      89   1   1   1   0   1     38   100   101    39
      90   1   1   1   0   1    100   105   106   101
      91   1   1   1   0   1    105   110   111   106
      92   1   1   1   0   1    110   115   116   111
      93   1   1   1   0   1    115   120   121   116
      94   1   1   1   0   1    120    88    87   121
      95   1   1   1   0   1     39   101    59    40
      96   1   1   1   0   1    101   106    60    59
      97   1   1   1   0   1    106   111    61    60
      98   1   1   1   0   1    111   116    62    61
      99   1   1   1   0   1    116   121    63    62
     100   1   1   1   0   1    121    87    64    63

