


        1    0.00000000000         0.00000000000         0.00000000000     
        2    20.0000000000         0.00000000000         0.00000000000     
        3    2.00000000000         0.00000000000         0.00000000000     
        4    4.00000000000         0.00000000000         0.00000000000     
        5    6.00000000000         0.00000000000         0.00000000000     
        6    8.00000000000         0.00000000000         0.00000000000     
        7    10.0000000000         0.00000000000         0.00000000000     
        8    12.0000000000         0.00000000000         0.00000000000     
        9    14.0000000000         0.00000000000         0.00000000000     
       10    16.0000000000         0.00000000000         0.00000000000     
       11    18.0000000000         0.00000000000         0.00000000000     
       12    20.0000000000         4.00000000000         0.00000000000     
       13    20.0000000000         2.00000000000         0.00000000000     
       14    0.00000000000         4.00000000000         0.00000000000     
       15    18.0000000000         4.00000000000         0.00000000000     
       16    16.0000000000         4.00000000000         0.00000000000     
       17    14.0000000000         4.00000000000         0.00000000000     
       18    12.0000000000         4.00000000000         0.00000000000     
       19    10.0000000000         4.00000000000         0.00000000000     
       20    8.00000000000         4.00000000000         0.00000000000     


       21    6.00000000000         4.00000000000         0.00000000000     
       22    4.00000000000         4.00000000000         0.00000000000     
       23    2.00000000000         4.00000000000         0.00000000000     
       24    0.00000000000         2.00000000000         0.00000000000     
       25    2.00000000000         2.00000000000         0.00000000000     
       26    4.00000000000         2.00000000000         0.00000000000     
       27    6.00000000000         2.00000000000         0.00000000000     
       28    8.00000000000         2.00000000000         0.00000000000     
       29    10.0000000000         2.00000000000         0.00000000000     
       30    12.0000000000         2.00000000000         0.00000000000     
       31    14.0000000000         2.00000000000         0.00000000000     
       32    16.0000000000         2.00000000000         0.00000000000     
       33    18.0000000000         2.00000000000         0.00000000000     
       34    4.00000000000         20.0000000000         0.00000000000     
       35    4.00000000000         6.00000000000         0.00000000000     
       36    4.00000000000         8.00000000000         0.00000000000     
       37    4.00000000000         10.0000000000         0.00000000000     
       38    4.00000000000         12.0000000000         0.00000000000     
       39    4.00000000000         14.0000000000         0.00000000000     
       40    4.00000000000         16.0000000000         0.00000000000     


       41    4.00000000000         18.0000000000         0.00000000000     
       42    0.00000000000         20.0000000000         0.00000000000     
       43    2.00000000000         20.0000000000         0.00000000000     
       44    0.00000000000         18.0000000000         0.00000000000     
       45    0.00000000000         16.0000000000         0.00000000000     
       46    0.00000000000         14.0000000000         0.00000000000     
       47    0.00000000000         12.0000000000         0.00000000000     
       48    0.00000000000         10.0000000000         0.00000000000     
       49    0.00000000000         8.00000000000         0.00000000000     
       50    0.00000000000         6.00000000000         0.00000000000     
       51    2.00000000000         6.00000000000         0.00000000000     
       52    2.00000000000         8.00000000000         0.00000000000     
       53    2.00000000000         10.0000000000         0.00000000000     
       54    2.00000000000         12.0000000000         0.00000000000     
       55    2.00000000000         14.0000000000         0.00000000000     
       56    2.00000000000         16.0000000000         0.00000000000     
       57    2.00000000000         18.0000000000         0.00000000000     
       58    20.0000000000         16.0000000000         0.00000000000     
       59    6.00000000000         16.0000000000         0.00000000000     
       60    8.00000000000         16.0000000000         0.00000000000     


       61    10.0000000000         16.0000000000         0.00000000000     
       62    12.0000000000         16.0000000000         0.00000000000     
       63    14.0000000000         16.0000000000         0.00000000000     
       64    16.0000000000         16.0000000000         0.00000000000     
       65    18.0000000000         16.0000000000         0.00000000000     
       66    20.0000000000         20.0000000000         0.00000000000     
       67    20.0000000000         18.0000000000         0.00000000000     
       68    18.0000000000         20.0000000000         0.00000000000     
       69    16.0000000000         20.0000000000         0.00000000000     
       70    14.0000000000         20.0000000000         0.00000000000     
       71    12.0000000000         20.0000000000         0.00000000000     
       72    10.0000000000         20.0000000000         0.00000000000     
       73    8.00000000000         20.0000000000         0.00000000000     
       74    6.00000000000         20.0000000000         0.00000000000     
       75    6.00000000000         18.0000000000         0.00000000000     
       76    8.00000000000         18.0000000000         0.00000000000     
       77    10.0000000000         18.0000000000         0.00000000000     
       78    12.0000000000         18.0000000000         0.00000000000     
       79    14.0000000000         18.0000000000         0.00000000000     
       80    16.0000000000         18.0000000000         0.00000000000     


       81    18.0000000000         18.0000000000         0.00000000000     
       82    20.0000000000         6.00000000000         0.00000000000     
       83    20.0000000000         8.00000000000         0.00000000000     
       84    20.0000000000         10.0000000000         0.00000000000     
       85    20.0000000000         12.0000000000         0.00000000000     
       86    20.0000000000         14.0000000000         0.00000000000     
       87    16.0000000000         14.0000000000         0.00000000000     
       88    16.0000000000         12.0000000000         0.00000000000     
       89    16.0000000000         10.0000000000         0.00000000000     
       90    16.0000000000         8.00000000000         0.00000000000     
       91    16.0000000000         6.00000000000         0.00000000000     
       92    18.0000000000         6.00000000000         0.00000000000     
       93    18.0000000000         8.00000000000         0.00000000000     
       94    18.0000000000         10.0000000000         0.00000000000     
       95    18.0000000000         12.0000000000         0.00000000000     
       96    18.0000000000         14.0000000000         0.00000000000     
       97    6.00000000000         6.00000000000         0.00000000000     
       98    6.00000000000         8.00000000000         0.00000000000     
       99    6.00000000000         10.0000000000         0.00000000000     
      100    6.00000000000         12.0000000000         0.00000000000     


      101    6.00000000000         14.0000000000         0.00000000000     
      102    8.00000000000         6.00000000000         0.00000000000     
      103    8.00000000000         8.00000000000         0.00000000000     
      104    8.00000000000         10.0000000000         0.00000000000     
      105    8.00000000000         12.0000000000         0.00000000000     
      106    8.00000000000         14.0000000000         0.00000000000     
      107    10.0000000000         6.00000000000         0.00000000000     
      108    10.0000000000         8.00000000000         0.00000000000     
      109    10.0000000000         10.0000000000         0.00000000000     
      110    10.0000000000         12.0000000000         0.00000000000     
      111    10.0000000000         14.0000000000         0.00000000000     
      112    12.0000000000         6.00000000000         0.00000000000     
      113    12.0000000000         8.00000000000         0.00000000000     
      114    12.0000000000         10.0000000000         0.00000000000     
      115    12.0000000000         12.0000000000         0.00000000000     
      116    12.0000000000         14.0000000000         0.00000000000     
      117    14.0000000000         6.00000000000         0.00000000000     
      118    14.0000000000         8.00000000000         0.00000000000     
      119    14.0000000000         10.0000000000         0.00000000000     
      120    14.0000000000         12.0000000000         0.00000000000     


      121    14.0000000000         14.0000000000         0.00000000000     

