


        1    0.00000000000         20.0000000000         0.00000000000     
        2    0.00000000000         0.00000000000         0.00000000000     
        3    0.00000000000         18.0000000000         0.00000000000     
        4    0.00000000000         16.0000000000         0.00000000000     
        5    0.00000000000         14.0000000000         0.00000000000     
        6    0.00000000000         12.0000000000         0.00000000000     
        7    0.00000000000         10.0000000000         0.00000000000     
        8    0.00000000000         8.00000000000         0.00000000000     
        9    0.00000000000         6.00000000000         0.00000000000     
       10    0.00000000000         4.00000000000         0.00000000000     
       11    0.00000000000         2.00000000000         0.00000000000     
       12    20.0000000000         20.0000000000         0.00000000000     
       13    18.0000000000         20.0000000000         0.00000000000     
       14    16.0000000000         20.0000000000         0.00000000000     
       15    14.0000000000         20.0000000000         0.00000000000     
       16    12.0000000000         20.0000000000         0.00000000000     
       17    10.0000000000         20.0000000000         0.00000000000     
       18    8.00000000000         20.0000000000         0.00000000000     
       19    6.00000000000         20.0000000000         0.00000000000     
       20    4.00000000000         20.0000000000         0.00000000000     


       21    2.00000000000         20.0000000000         0.00000000000     
       22    20.0000000000         0.00000000000         0.00000000000     
       23    20.0000000000         2.00000000000         0.00000000000     
       24    20.0000000000         4.00000000000         0.00000000000     
       25    20.0000000000         6.00000000000         0.00000000000     
       26    20.0000000000         8.00000000000         0.00000000000     
       27    20.0000000000         10.0000000000         0.00000000000     
       28    20.0000000000         12.0000000000         0.00000000000     
       29    20.0000000000         14.0000000000         0.00000000000     
       30    20.0000000000         16.0000000000         0.00000000000     
       31    20.0000000000         18.0000000000         0.00000000000     
       32    2.00000000000         0.00000000000         0.00000000000     
       33    4.00000000000         0.00000000000         0.00000000000     
       34    6.00000000000         0.00000000000         0.00000000000     
       35    8.00000000000         0.00000000000         0.00000000000     
       36    10.0000000000         0.00000000000         0.00000000000     
       37    12.0000000000         0.00000000000         0.00000000000     
       38    14.0000000000         0.00000000000         0.00000000000     
       39    16.0000000000         0.00000000000         0.00000000000     
       40    18.0000000000         0.00000000000         0.00000000000     


       41    2.00000000000         2.00000000000         0.00000000000     
       42    4.00000000000         2.00000000000         0.00000000000     
       43    6.00000000000         2.00000000000         0.00000000000     
       44    8.00000000000         2.00000000000         0.00000000000     
       45    10.0000000000         2.00000000000         0.00000000000     
       46    12.0000000000         2.00000000000         0.00000000000     
       47    14.0000000000         2.00000000000         0.00000000000     
       48    16.0000000000         2.00000000000         0.00000000000     
       49    18.0000000000         2.00000000000         0.00000000000     
       50    2.00000000000         4.00000000000         0.00000000000     
       51    4.00000000000         4.00000000000         0.00000000000     
       52    6.00000000000         4.00000000000         0.00000000000     
       53    8.00000000000         4.00000000000         0.00000000000     
       54    10.0000000000         4.00000000000         0.00000000000     
       55    12.0000000000         4.00000000000         0.00000000000     
       56    14.0000000000         4.00000000000         0.00000000000     
       57    16.0000000000         4.00000000000         0.00000000000     
       58    18.0000000000         4.00000000000         0.00000000000     
       59    2.00000000000         6.00000000000         0.00000000000     
       60    4.00000000000         6.00000000000         0.00000000000     


       61    6.00000000000         6.00000000000         0.00000000000     
       62    8.00000000000         6.00000000000         0.00000000000     
       63    10.0000000000         6.00000000000         0.00000000000     
       64    12.0000000000         6.00000000000         0.00000000000     
       65    14.0000000000         6.00000000000         0.00000000000     
       66    16.0000000000         6.00000000000         0.00000000000     
       67    18.0000000000         6.00000000000         0.00000000000     
       68    2.00000000000         8.00000000000         0.00000000000     
       69    4.00000000000         8.00000000000         0.00000000000     
       70    6.00000000000         8.00000000000         0.00000000000     
       71    8.00000000000         8.00000000000         0.00000000000     
       72    10.0000000000         8.00000000000         0.00000000000     
       73    12.0000000000         8.00000000000         0.00000000000     
       74    14.0000000000         8.00000000000         0.00000000000     
       75    16.0000000000         8.00000000000         0.00000000000     
       76    18.0000000000         8.00000000000         0.00000000000     
       77    2.00000000000         10.0000000000         0.00000000000     
       78    4.00000000000         10.0000000000         0.00000000000     
       79    6.00000000000         10.0000000000         0.00000000000     
       80    8.00000000000         10.0000000000         0.00000000000     


       81    10.0000000000         10.0000000000         0.00000000000     
       82    12.0000000000         10.0000000000         0.00000000000     
       83    14.0000000000         10.0000000000         0.00000000000     
       84    16.0000000000         10.0000000000         0.00000000000     
       85    18.0000000000         10.0000000000         0.00000000000     
       86    2.00000000000         12.0000000000         0.00000000000     
       87    4.00000000000         12.0000000000         0.00000000000     
       88    6.00000000000         12.0000000000         0.00000000000     
       89    8.00000000000         12.0000000000         0.00000000000     
       90    10.0000000000         12.0000000000         0.00000000000     
       91    12.0000000000         12.0000000000         0.00000000000     
       92    14.0000000000         12.0000000000         0.00000000000     
       93    16.0000000000         12.0000000000         0.00000000000     
       94    18.0000000000         12.0000000000         0.00000000000     
       95    2.00000000000         14.0000000000         0.00000000000     
       96    4.00000000000         14.0000000000         0.00000000000     
       97    6.00000000000         14.0000000000         0.00000000000     
       98    8.00000000000         14.0000000000         0.00000000000     
       99    10.0000000000         14.0000000000         0.00000000000     
      100    12.0000000000         14.0000000000         0.00000000000     


      101    14.0000000000         14.0000000000         0.00000000000     
      102    16.0000000000         14.0000000000         0.00000000000     
      103    18.0000000000         14.0000000000         0.00000000000     
      104    2.00000000000         16.0000000000         0.00000000000     
      105    4.00000000000         16.0000000000         0.00000000000     
      106    6.00000000000         16.0000000000         0.00000000000     
      107    8.00000000000         16.0000000000         0.00000000000     
      108    10.0000000000         16.0000000000         0.00000000000     
      109    12.0000000000         16.0000000000         0.00000000000     
      110    14.0000000000         16.0000000000         0.00000000000     
      111    16.0000000000         16.0000000000         0.00000000000     
      112    18.0000000000         16.0000000000         0.00000000000     
      113    2.00000000000         18.0000000000         0.00000000000     
      114    4.00000000000         18.0000000000         0.00000000000     
      115    6.00000000000         18.0000000000         0.00000000000     
      116    8.00000000000         18.0000000000         0.00000000000     
      117    10.0000000000         18.0000000000         0.00000000000     
      118    12.0000000000         18.0000000000         0.00000000000     
      119    14.0000000000         18.0000000000         0.00000000000     
      120    16.0000000000         18.0000000000         0.00000000000     


      121    18.0000000000         18.0000000000         0.00000000000     
      122    0.00000000000         0.00000000000         6.00000000000     
      123    20.0000000000         0.00000000000         6.00000000000     
      124    2.00000000000         0.00000000000         6.00000000000     
      125    4.00000000000         0.00000000000         6.00000000000     
      126    6.00000000000         0.00000000000         6.00000000000     
      127    8.00000000000         0.00000000000         6.00000000000     
      128    10.0000000000         0.00000000000         6.00000000000     
      129    12.0000000000         0.00000000000         6.00000000000     
      130    14.0000000000         0.00000000000         6.00000000000     
      131    16.0000000000         0.00000000000         6.00000000000     
      132    18.0000000000         0.00000000000         6.00000000000     
      133    20.0000000000         20.0000000000         6.00000000000     
      134    20.0000000000         2.00000000000         6.00000000000     
      135    20.0000000000         4.00000000000         6.00000000000     
      136    20.0000000000         6.00000000000         6.00000000000     
      137    20.0000000000         8.00000000000         6.00000000000     
      138    20.0000000000         10.0000000000         6.00000000000     
      139    20.0000000000         12.0000000000         6.00000000000     
      140    20.0000000000         14.0000000000         6.00000000000     


      141    20.0000000000         16.0000000000         6.00000000000     
      142    20.0000000000         18.0000000000         6.00000000000     
      143    0.00000000000         20.0000000000         6.00000000000     
      144    18.0000000000         20.0000000000         6.00000000000     
      145    16.0000000000         20.0000000000         6.00000000000     
      146    14.0000000000         20.0000000000         6.00000000000     
      147    12.0000000000         20.0000000000         6.00000000000     
      148    10.0000000000         20.0000000000         6.00000000000     
      149    8.00000000000         20.0000000000         6.00000000000     
      150    6.00000000000         20.0000000000         6.00000000000     
      151    4.00000000000         20.0000000000         6.00000000000     
      152    2.00000000000         20.0000000000         6.00000000000     
      153    0.00000000000         18.0000000000         6.00000000000     
      154    0.00000000000         16.0000000000         6.00000000000     
      155    0.00000000000         14.0000000000         6.00000000000     
      156    0.00000000000         12.0000000000         6.00000000000     
      157    0.00000000000         10.0000000000         6.00000000000     
      158    0.00000000000         8.00000000000         6.00000000000     
      159    0.00000000000         6.00000000000         6.00000000000     
      160    0.00000000000         4.00000000000         6.00000000000     


      161    0.00000000000         2.00000000000         6.00000000000     
      162    2.00000000000         2.00000000000         6.00000000000     
      163    2.00000000000         4.00000000000         6.00000000000     
      164    2.00000000000         6.00000000000         6.00000000000     
      165    2.00000000000         8.00000000000         6.00000000000     
      166    2.00000000000         10.0000000000         6.00000000000     
      167    2.00000000000         12.0000000000         6.00000000000     
      168    2.00000000000         14.0000000000         6.00000000000     
      169    2.00000000000         16.0000000000         6.00000000000     
      170    2.00000000000         18.0000000000         6.00000000000     
      171    4.00000000000         2.00000000000         6.00000000000     
      172    4.00000000000         4.00000000000         6.00000000000     
      173    4.00000000000         6.00000000000         6.00000000000     
      174    4.00000000000         8.00000000000         6.00000000000     
      175    4.00000000000         10.0000000000         6.00000000000     
      176    4.00000000000         12.0000000000         6.00000000000     
      177    4.00000000000         14.0000000000         6.00000000000     
      178    4.00000000000         16.0000000000         6.00000000000     
      179    4.00000000000         18.0000000000         6.00000000000     
      180    6.00000000000         2.00000000000         6.00000000000     


      181    6.00000000000         4.00000000000         6.00000000000     
      182    6.00000000000         6.00000000000         6.00000000000     
      183    6.00000000000         8.00000000000         6.00000000000     
      184    6.00000000000         10.0000000000         6.00000000000     
      185    6.00000000000         12.0000000000         6.00000000000     
      186    6.00000000000         14.0000000000         6.00000000000     
      187    6.00000000000         16.0000000000         6.00000000000     
      188    6.00000000000         18.0000000000         6.00000000000     
      189    8.00000000000         2.00000000000         6.00000000000     
      190    8.00000000000         4.00000000000         6.00000000000     
      191    8.00000000000         6.00000000000         6.00000000000     
      192    8.00000000000         8.00000000000         6.00000000000     
      193    8.00000000000         10.0000000000         6.00000000000     
      194    8.00000000000         12.0000000000         6.00000000000     
      195    8.00000000000         14.0000000000         6.00000000000     
      196    8.00000000000         16.0000000000         6.00000000000     
      197    8.00000000000         18.0000000000         6.00000000000     
      198    10.0000000000         2.00000000000         6.00000000000     
      199    10.0000000000         4.00000000000         6.00000000000     
      200    10.0000000000         6.00000000000         6.00000000000     


      201    10.0000000000         8.00000000000         6.00000000000     
      202    10.0000000000         10.0000000000         6.00000000000     
      203    10.0000000000         12.0000000000         6.00000000000     
      204    10.0000000000         14.0000000000         6.00000000000     
      205    10.0000000000         16.0000000000         6.00000000000     
      206    10.0000000000         18.0000000000         6.00000000000     
      207    12.0000000000         2.00000000000         6.00000000000     
      208    12.0000000000         4.00000000000         6.00000000000     
      209    12.0000000000         6.00000000000         6.00000000000     
      210    12.0000000000         8.00000000000         6.00000000000     
      211    12.0000000000         10.0000000000         6.00000000000     
      212    12.0000000000         12.0000000000         6.00000000000     
      213    12.0000000000         14.0000000000         6.00000000000     
      214    12.0000000000         16.0000000000         6.00000000000     
      215    12.0000000000         18.0000000000         6.00000000000     
      216    14.0000000000         2.00000000000         6.00000000000     
      217    14.0000000000         4.00000000000         6.00000000000     
      218    14.0000000000         6.00000000000         6.00000000000     
      219    14.0000000000         8.00000000000         6.00000000000     
      220    14.0000000000         10.0000000000         6.00000000000     


      221    14.0000000000         12.0000000000         6.00000000000     
      222    14.0000000000         14.0000000000         6.00000000000     
      223    14.0000000000         16.0000000000         6.00000000000     
      224    14.0000000000         18.0000000000         6.00000000000     
      225    16.0000000000         2.00000000000         6.00000000000     
      226    16.0000000000         4.00000000000         6.00000000000     
      227    16.0000000000         6.00000000000         6.00000000000     
      228    16.0000000000         8.00000000000         6.00000000000     
      229    16.0000000000         10.0000000000         6.00000000000     
      230    16.0000000000         12.0000000000         6.00000000000     
      231    16.0000000000         14.0000000000         6.00000000000     
      232    16.0000000000         16.0000000000         6.00000000000     
      233    16.0000000000         18.0000000000         6.00000000000     
      234    18.0000000000         2.00000000000         6.00000000000     
      235    18.0000000000         4.00000000000         6.00000000000     
      236    18.0000000000         6.00000000000         6.00000000000     
      237    18.0000000000         8.00000000000         6.00000000000     
      238    18.0000000000         10.0000000000         6.00000000000     
      239    18.0000000000         12.0000000000         6.00000000000     
      240    18.0000000000         14.0000000000         6.00000000000     


      241    18.0000000000         16.0000000000         6.00000000000     
      242    18.0000000000         18.0000000000         6.00000000000     
      243    0.00000000000         0.00000000000         4.00000000000     
      244    0.00000000000         0.00000000000         2.00000000000     
      245    20.0000000000         0.00000000000         2.00000000000     
      246    20.0000000000         0.00000000000         4.00000000000     
      247    2.00000000000         0.00000000000         4.00000000000     
      248    4.00000000000         0.00000000000         4.00000000000     
      249    6.00000000000         0.00000000000         4.00000000000     
      250    8.00000000000         0.00000000000         4.00000000000     
      251    10.0000000000         0.00000000000         4.00000000000     
      252    12.0000000000         0.00000000000         4.00000000000     
      253    14.0000000000         0.00000000000         4.00000000000     
      254    16.0000000000         0.00000000000         4.00000000000     
      255    18.0000000000         0.00000000000         4.00000000000     
      256    2.00000000000         0.00000000000         2.00000000000     
      257    4.00000000000         0.00000000000         2.00000000000     
      258    6.00000000000         0.00000000000         2.00000000000     
      259    8.00000000000         0.00000000000         2.00000000000     
      260    10.0000000000         0.00000000000         2.00000000000     


      261    12.0000000000         0.00000000000         2.00000000000     
      262    14.0000000000         0.00000000000         2.00000000000     
      263    16.0000000000         0.00000000000         2.00000000000     
      264    18.0000000000         0.00000000000         2.00000000000     
      265    20.0000000000         20.0000000000         2.00000000000     
      266    20.0000000000         20.0000000000         4.00000000000     
      267    0.00000000000         20.0000000000         4.00000000000     
      268    0.00000000000         20.0000000000         2.00000000000     
      269    2.00000000000         20.0000000000         4.00000000000     
      270    2.00000000000         20.0000000000         2.00000000000     
      271    4.00000000000         20.0000000000         4.00000000000     
      272    4.00000000000         20.0000000000         2.00000000000     
      273    6.00000000000         20.0000000000         4.00000000000     
      274    6.00000000000         20.0000000000         2.00000000000     
      275    8.00000000000         20.0000000000         4.00000000000     
      276    8.00000000000         20.0000000000         2.00000000000     
      277    10.0000000000         20.0000000000         4.00000000000     
      278    10.0000000000         20.0000000000         2.00000000000     
      279    12.0000000000         20.0000000000         4.00000000000     
      280    12.0000000000         20.0000000000         2.00000000000     


      281    14.0000000000         20.0000000000         4.00000000000     
      282    14.0000000000         20.0000000000         2.00000000000     
      283    16.0000000000         20.0000000000         4.00000000000     
      284    16.0000000000         20.0000000000         2.00000000000     
      285    18.0000000000         20.0000000000         4.00000000000     
      286    18.0000000000         20.0000000000         2.00000000000     
      287    0.00000000000         2.00000000000         4.00000000000     
      288    0.00000000000         2.00000000000         2.00000000000     
      289    0.00000000000         4.00000000000         4.00000000000     
      290    0.00000000000         4.00000000000         2.00000000000     
      291    0.00000000000         6.00000000000         4.00000000000     
      292    0.00000000000         6.00000000000         2.00000000000     
      293    0.00000000000         8.00000000000         4.00000000000     
      294    0.00000000000         8.00000000000         2.00000000000     
      295    0.00000000000         10.0000000000         4.00000000000     
      296    0.00000000000         10.0000000000         2.00000000000     
      297    0.00000000000         12.0000000000         4.00000000000     
      298    0.00000000000         12.0000000000         2.00000000000     
      299    0.00000000000         14.0000000000         4.00000000000     
      300    0.00000000000         14.0000000000         2.00000000000     


      301    0.00000000000         16.0000000000         4.00000000000     
      302    0.00000000000         16.0000000000         2.00000000000     
      303    0.00000000000         18.0000000000         4.00000000000     
      304    0.00000000000         18.0000000000         2.00000000000     
      305    20.0000000000         2.00000000000         4.00000000000     
      306    20.0000000000         4.00000000000         4.00000000000     
      307    20.0000000000         6.00000000000         4.00000000000     
      308    20.0000000000         8.00000000000         4.00000000000     
      309    20.0000000000         10.0000000000         4.00000000000     
      310    20.0000000000         12.0000000000         4.00000000000     
      311    20.0000000000         14.0000000000         4.00000000000     
      312    20.0000000000         16.0000000000         4.00000000000     
      313    20.0000000000         18.0000000000         4.00000000000     
      314    20.0000000000         2.00000000000         2.00000000000     
      315    20.0000000000         4.00000000000         2.00000000000     
      316    20.0000000000         6.00000000000         2.00000000000     
      317    20.0000000000         8.00000000000         2.00000000000     
      318    20.0000000000         10.0000000000         2.00000000000     
      319    20.0000000000         12.0000000000         2.00000000000     
      320    20.0000000000         14.0000000000         2.00000000000     


      321    20.0000000000         16.0000000000         2.00000000000     
      322    20.0000000000         18.0000000000         2.00000000000     
      323    2.00000000000         2.00000000000         2.00000000000     
      324    2.00000000000         2.00000000000         4.00000000000     
      325    2.00000000000         4.00000000000         2.00000000000     
      326    2.00000000000         4.00000000000         4.00000000000     
      327    2.00000000000         6.00000000000         2.00000000000     
      328    2.00000000000         6.00000000000         4.00000000000     
      329    2.00000000000         8.00000000000         2.00000000000     
      330    2.00000000000         8.00000000000         4.00000000000     
      331    2.00000000000         10.0000000000         2.00000000000     
      332    2.00000000000         10.0000000000         4.00000000000     
      333    2.00000000000         12.0000000000         2.00000000000     
      334    2.00000000000         12.0000000000         4.00000000000     
      335    2.00000000000         14.0000000000         2.00000000000     
      336    2.00000000000         14.0000000000         4.00000000000     
      337    2.00000000000         16.0000000000         2.00000000000     
      338    2.00000000000         16.0000000000         4.00000000000     
      339    2.00000000000         18.0000000000         2.00000000000     
      340    2.00000000000         18.0000000000         4.00000000000     


      341    4.00000000000         2.00000000000         2.00000000000     
      342    4.00000000000         2.00000000000         4.00000000000     
      343    4.00000000000         4.00000000000         2.00000000000     
      344    4.00000000000         4.00000000000         4.00000000000     
      345    4.00000000000         6.00000000000         2.00000000000     
      346    4.00000000000         6.00000000000         4.00000000000     
      347    4.00000000000         8.00000000000         2.00000000000     
      348    4.00000000000         8.00000000000         4.00000000000     
      349    4.00000000000         10.0000000000         2.00000000000     
      350    4.00000000000         10.0000000000         4.00000000000     
      351    4.00000000000         12.0000000000         2.00000000000     
      352    4.00000000000         12.0000000000         4.00000000000     
      353    4.00000000000         14.0000000000         2.00000000000     
      354    4.00000000000         14.0000000000         4.00000000000     
      355    4.00000000000         16.0000000000         2.00000000000     
      356    4.00000000000         16.0000000000         4.00000000000     
      357    4.00000000000         18.0000000000         2.00000000000     
      358    4.00000000000         18.0000000000         4.00000000000     
      359    6.00000000000         2.00000000000         2.00000000000     
      360    6.00000000000         2.00000000000         4.00000000000     


      361    6.00000000000         4.00000000000         2.00000000000     
      362    6.00000000000         4.00000000000         4.00000000000     
      363    6.00000000000         6.00000000000         2.00000000000     
      364    6.00000000000         6.00000000000         4.00000000000     
      365    6.00000000000         8.00000000000         2.00000000000     
      366    6.00000000000         8.00000000000         4.00000000000     
      367    6.00000000000         10.0000000000         2.00000000000     
      368    6.00000000000         10.0000000000         4.00000000000     
      369    6.00000000000         12.0000000000         2.00000000000     
      370    6.00000000000         12.0000000000         4.00000000000     
      371    6.00000000000         14.0000000000         2.00000000000     
      372    6.00000000000         14.0000000000         4.00000000000     
      373    6.00000000000         16.0000000000         2.00000000000     
      374    6.00000000000         16.0000000000         4.00000000000     
      375    6.00000000000         18.0000000000         2.00000000000     
      376    6.00000000000         18.0000000000         4.00000000000     
      377    8.00000000000         2.00000000000         2.00000000000     
      378    8.00000000000         2.00000000000         4.00000000000     
      379    8.00000000000         4.00000000000         2.00000000000     
      380    8.00000000000         4.00000000000         4.00000000000     


      381    8.00000000000         6.00000000000         2.00000000000     
      382    8.00000000000         6.00000000000         4.00000000000     
      383    8.00000000000         8.00000000000         2.00000000000     
      384    8.00000000000         8.00000000000         4.00000000000     
      385    8.00000000000         10.0000000000         2.00000000000     
      386    8.00000000000         10.0000000000         4.00000000000     
      387    8.00000000000         12.0000000000         2.00000000000     
      388    8.00000000000         12.0000000000         4.00000000000     
      389    8.00000000000         14.0000000000         2.00000000000     
      390    8.00000000000         14.0000000000         4.00000000000     
      391    8.00000000000         16.0000000000         2.00000000000     
      392    8.00000000000         16.0000000000         4.00000000000     
      393    8.00000000000         18.0000000000         2.00000000000     
      394    8.00000000000         18.0000000000         4.00000000000     
      395    10.0000000000         2.00000000000         2.00000000000     
      396    10.0000000000         2.00000000000         4.00000000000     
      397    10.0000000000         4.00000000000         2.00000000000     
      398    10.0000000000         4.00000000000         4.00000000000     
      399    10.0000000000         6.00000000000         2.00000000000     
      400    10.0000000000         6.00000000000         4.00000000000     


      401    10.0000000000         8.00000000000         2.00000000000     
      402    10.0000000000         8.00000000000         4.00000000000     
      403    10.0000000000         10.0000000000         2.00000000000     
      404    10.0000000000         10.0000000000         4.00000000000     
      405    10.0000000000         12.0000000000         2.00000000000     
      406    10.0000000000         12.0000000000         4.00000000000     
      407    10.0000000000         14.0000000000         2.00000000000     
      408    10.0000000000         14.0000000000         4.00000000000     
      409    10.0000000000         16.0000000000         2.00000000000     
      410    10.0000000000         16.0000000000         4.00000000000     
      411    10.0000000000         18.0000000000         2.00000000000     
      412    10.0000000000         18.0000000000         4.00000000000     
      413    12.0000000000         2.00000000000         2.00000000000     
      414    12.0000000000         2.00000000000         4.00000000000     
      415    12.0000000000         4.00000000000         2.00000000000     
      416    12.0000000000         4.00000000000         4.00000000000     
      417    12.0000000000         6.00000000000         2.00000000000     
      418    12.0000000000         6.00000000000         4.00000000000     
      419    12.0000000000         8.00000000000         2.00000000000     
      420    12.0000000000         8.00000000000         4.00000000000     


      421    12.0000000000         10.0000000000         2.00000000000     
      422    12.0000000000         10.0000000000         4.00000000000     
      423    12.0000000000         12.0000000000         2.00000000000     
      424    12.0000000000         12.0000000000         4.00000000000     
      425    12.0000000000         14.0000000000         2.00000000000     
      426    12.0000000000         14.0000000000         4.00000000000     
      427    12.0000000000         16.0000000000         2.00000000000     
      428    12.0000000000         16.0000000000         4.00000000000     
      429    12.0000000000         18.0000000000         2.00000000000     
      430    12.0000000000         18.0000000000         4.00000000000     
      431    14.0000000000         2.00000000000         2.00000000000     
      432    14.0000000000         2.00000000000         4.00000000000     
      433    14.0000000000         4.00000000000         2.00000000000     
      434    14.0000000000         4.00000000000         4.00000000000     
      435    14.0000000000         6.00000000000         2.00000000000     
      436    14.0000000000         6.00000000000         4.00000000000     
      437    14.0000000000         8.00000000000         2.00000000000     
      438    14.0000000000         8.00000000000         4.00000000000     
      439    14.0000000000         10.0000000000         2.00000000000     
      440    14.0000000000         10.0000000000         4.00000000000     


      441    14.0000000000         12.0000000000         2.00000000000     
      442    14.0000000000         12.0000000000         4.00000000000     
      443    14.0000000000         14.0000000000         2.00000000000     
      444    14.0000000000         14.0000000000         4.00000000000     
      445    14.0000000000         16.0000000000         2.00000000000     
      446    14.0000000000         16.0000000000         4.00000000000     
      447    14.0000000000         18.0000000000         2.00000000000     
      448    14.0000000000         18.0000000000         4.00000000000     
      449    16.0000000000         2.00000000000         2.00000000000     
      450    16.0000000000         2.00000000000         4.00000000000     
      451    16.0000000000         4.00000000000         2.00000000000     
      452    16.0000000000         4.00000000000         4.00000000000     
      453    16.0000000000         6.00000000000         2.00000000000     
      454    16.0000000000         6.00000000000         4.00000000000     
      455    16.0000000000         8.00000000000         2.00000000000     
      456    16.0000000000         8.00000000000         4.00000000000     
      457    16.0000000000         10.0000000000         2.00000000000     
      458    16.0000000000         10.0000000000         4.00000000000     
      459    16.0000000000         12.0000000000         2.00000000000     
      460    16.0000000000         12.0000000000         4.00000000000     


      461    16.0000000000         14.0000000000         2.00000000000     
      462    16.0000000000         14.0000000000         4.00000000000     
      463    16.0000000000         16.0000000000         2.00000000000     
      464    16.0000000000         16.0000000000         4.00000000000     
      465    16.0000000000         18.0000000000         2.00000000000     
      466    16.0000000000         18.0000000000         4.00000000000     
      467    18.0000000000         2.00000000000         2.00000000000     
      468    18.0000000000         2.00000000000         4.00000000000     
      469    18.0000000000         4.00000000000         2.00000000000     
      470    18.0000000000         4.00000000000         4.00000000000     
      471    18.0000000000         6.00000000000         2.00000000000     
      472    18.0000000000         6.00000000000         4.00000000000     
      473    18.0000000000         8.00000000000         2.00000000000     
      474    18.0000000000         8.00000000000         4.00000000000     
      475    18.0000000000         10.0000000000         2.00000000000     
      476    18.0000000000         10.0000000000         4.00000000000     
      477    18.0000000000         12.0000000000         2.00000000000     
      478    18.0000000000         12.0000000000         4.00000000000     
      479    18.0000000000         14.0000000000         2.00000000000     
      480    18.0000000000         14.0000000000         4.00000000000     


      481    18.0000000000         16.0000000000         2.00000000000     
      482    18.0000000000         16.0000000000         4.00000000000     
      483    18.0000000000         18.0000000000         2.00000000000     
      484    18.0000000000         18.0000000000         4.00000000000     

